<?xml version="1.0" encoding="UTF-8"?>
<!-- Generated by org.testng.reporters.JUnitXMLReporter -->
<testsuite ignored="0" hostname="HDEV01W11099" failures="1" tests="1" name="Web" time="4.037" errors="0" timestamp="2024-06-02T13:52:21 IDT">
  <testcase classname="CarRentalMain" name="EldanCarRentalStatus" time="0.276">
    <failure type="java.lang.AssertionError" message="java.lang.AssertionError: Expected condition failed: Fluent wait to element &amp;apos;Proxy element for: DefaultElementLocator &amp;apos;By.className: main-banner-areaa&amp;apos;&amp;apos; to be visible (tried for 0 second(s) with 350 milliseconds interval)Step failed - Error while Asserting element: Pickup location field display">
      <![CDATA[java.lang.AssertionError: java.lang.AssertionError: Expected condition failed: Fluent wait to element 'Proxy element for: DefaultElementLocator 'By.className: main-banner-areaa'' to be visible (tried for 0 second(s) with 350 milliseconds interval)Step failed - Error while Asserting element: Pickup location field display
at Extensions.Click.Verify.elementExists(Verify.java:21)
at PageObjects.CarRental.HomePage.goToHomPage(HomePage.java:14)
at CarRentalMain.EldanCarRentalStatus(CarRentalMain.java:9)
at java.base/java.util.ArrayList.forEach(ArrayList.java:1511)
... Removed 32 stack frames]]>
    </failure>
  </testcase> <!-- EldanCarRentalStatus -->
</testsuite> <!-- Web -->
