-------------------------------------------------------------------------------
Test set: TestSuite
-------------------------------------------------------------------------------
Tests run: 1, Failures: 1, Errors: 0, Skipped: 0, Time elapsed: 8.332 s <<< FAILURE! - in TestSuite
CarRentalMain.EldanCarRentalStatus  Time elapsed: 0.319 s  <<< FAILURE!
java.lang.AssertionError: java.lang.AssertionError: Expected condition failed: Fluent wait to element 'Proxy element for: DefaultElementLocator 'By.className: amain-banner-area'' to be visible (tried for 0 second(s) with 350 milliseconds interval)Step failed - Error while Asserting element: Pickup location field display
	at CarRentalMain.EldanCarRentalStatus(CarRentalMain.java:9)

