<?xml version="1.0" encoding="UTF-8"?>
<testng-results ignored="0" total="1" passed="1" failed="0" skipped="0">
  <reporter-output>
  </reporter-output>
  <suite started-at="2024-06-03T11:48:09 IDT" name="RunUI" finished-at="2024-06-03T11:48:12 IDT" duration-ms="3483">
    <groups>
    </groups>
    <test started-at="2024-06-03T11:48:09 IDT" name="Web" finished-at="2024-06-03T11:48:12 IDT" duration-ms="3483">
      <class name="CarRentalMain">
        <test-method is-config="true" signature="startSuite()[pri:0, instance:CarRentalMain@1ab3a8c8]" started-at="2024-06-03T11:48:04 IDT" name="startSuite" finished-at="2024-06-03T11:48:09 IDT" duration-ms="4360" status="PASS">
          <reporter-output>
          </reporter-output>
        </test-method> <!-- startSuite -->
        <test-method is-config="true" signature="beforeTestMethod(java.lang.reflect.Method)[pri:0, instance:CarRentalMain@1ab3a8c8]" started-at="2024-06-03T11:48:09 IDT" name="beforeTestMethod" finished-at="2024-06-03T11:48:12 IDT" duration-ms="3374" status="PASS">
          <params>
            <param index="0">
              <value>
                <![CDATA[public static void CarRentalMain.EldanCarRentalStatus()]]>
              </value>
            </param>
          </params>
          <reporter-output>
          </reporter-output>
        </test-method> <!-- beforeTestMethod -->
        <test-method signature="EldanCarRentalStatus()[pri:0, instance:CarRentalMain@1ab3a8c8]" started-at="2024-06-03T11:48:12 IDT" name="EldanCarRentalStatus" finished-at="2024-06-03T11:48:12 IDT" duration-ms="79" status="PASS">
          <reporter-output>
          </reporter-output>
        </test-method> <!-- EldanCarRentalStatus -->
        <test-method is-config="true" signature="afterTestMethod(org.testng.ITestResult)[pri:0, instance:CarRentalMain@1ab3a8c8]" started-at="2024-06-03T11:48:12 IDT" name="afterTestMethod" finished-at="2024-06-03T11:48:12 IDT" duration-ms="0" status="PASS">
          <params>
            <param index="0">
              <value>
                <![CDATA[[TestResult name=EldanCarRentalStatus status=SUCCESS method=CarRentalMain.EldanCarRentalStatus()[pri:0, instance:CarRentalMain@1ab3a8c8] output={null}]]]>
              </value>
            </param>
          </params>
          <reporter-output>
          </reporter-output>
        </test-method> <!-- afterTestMethod -->
        <test-method is-config="true" signature="afterTestSuite()[pri:0, instance:CarRentalMain@1ab3a8c8]" started-at="2024-06-03T11:48:12 IDT" name="afterTestSuite" finished-at="2024-06-03T11:48:13 IDT" duration-ms="634" status="PASS">
          <reporter-output>
          </reporter-output>
        </test-method> <!-- afterTestSuite -->
      </class> <!-- CarRentalMain -->
    </test> <!-- Web -->
  </suite> <!-- RunUI -->
</testng-results>
