<?xml version="1.0" encoding="UTF-8"?>
<testsuite xmlns:xsi="http://www.w3.org/2001/XMLSchema-instance" xsi:noNamespaceSchemaLocation="https://maven.apache.org/surefire/maven-surefire-plugin/xsd/surefire-test-report-3.0.xsd" version="3.0" name="TestSuite" time="8.332" tests="1" errors="0" skipped="0" failures="1">
  <properties>
[...]
</properties>
  <testcase name="EldanCarRentalStatus" classname="CarRentalMain" time="0.319">
    <failure message="java.lang.AssertionError: Expected condition failed: Fluent wait to element &apos;Proxy element for: DefaultElementLocator &apos;By.className: amain-banner-area&apos;&apos; to be visible (tried for 0 second(s) with 350 milliseconds interval)Step failed - Error while Asserting element: Pickup location field display" type="java.lang.AssertionError"><![CDATA[java.lang.AssertionError: java.lang.AssertionError: Expected condition failed: Fluent wait to element 'Proxy element for: DefaultElementLocator 'By.className: amain-banner-area'' to be visible (tried for 0 second(s) with 350 milliseconds interval)Step failed - Error while Asserting element: Pickup location field display
	at CarRentalMain.EldanCarRentalStatus(CarRentalMain.java:9)
]]></failure>
    <system-err><![CDATA[SLF4J: Failed to load class "org.slf4j.impl.StaticLoggerBinder".
SLF4J: Defaulting to no-operation (NOP) logger implementation
SLF4J: See http://www.slf4j.org/codes.html#StaticLoggerBinder for further details.
]]></system-err>
  </testcase>
</testsuite>